<?xml version="1.0" encoding="UTF-8"?>
<!-- Generated by org.testng.reporters.JUnitReportReporter -->
<testsuite hostname="Jinju" failures="0" tests="1" name="rahulshettyacademy.AppiumBasics" time="1.870" errors="0" timestamp="2024-06-25T19:27:43 IST" skipped="0">
  <testcase classname="rahulshettyacademy.AppiumBasics" name="AppiumTest" time="1.870"/>
  <system-out/>
</testsuite> <!-- rahulshettyacademy.AppiumBasics -->
