<?xml version="1.0" encoding="UTF-8"?>
<!-- Generated by org.testng.reporters.JUnitReportReporter -->
<testsuite hostname="Jinju" failures="0" tests="1" name="rahulshettyacademy.eCommerce_tc_4_Hybrid" time="36.594" errors="0" timestamp="2024-06-26T13:59:38 IST" skipped="0">
  <testcase classname="rahulshettyacademy.eCommerce_tc_4_Hybrid" name="fillForm" time="36.594"/>
  <system-out/>
</testsuite> <!-- rahulshettyacademy.eCommerce_tc_4_Hybrid -->
