<?xml version="1.0" encoding="UTF-8"?>
<!-- Generated by org.testng.reporters.JUnitReportReporter -->
<testsuite hostname="Jinju" failures="0" tests="1" name="rahulshettyacademy.eCommerce_tc_2" time="21.713" errors="0" timestamp="2024-06-26T11:27:43 IST" skipped="0">
  <testcase classname="rahulshettyacademy.eCommerce_tc_2" name="fillForm" time="21.713"/>
  <system-out/>
</testsuite> <!-- rahulshettyacademy.eCommerce_tc_2 -->
