<?xml version="1.0" encoding="UTF-8"?>
<!-- Generated by org.testng.reporters.JUnitReportReporter -->
<testsuite hostname="Jinju" failures="0" tests="1" name="rahulshettyacademy.MobileBrowserTest" time="11.076" errors="0" timestamp="2024-06-26T15:20:52 IST" skipped="0">
  <testcase classname="rahulshettyacademy.MobileBrowserTest" name="bwserTest" time="11.076"/>
  <system-out/>
</testsuite> <!-- rahulshettyacademy.MobileBrowserTest -->
