<?xml version="1.0" encoding="UTF-8"?>
<!-- Generated by org.testng.reporters.JUnitReportReporter -->
<testsuite hostname="Jinju" failures="0" tests="1" name="rahulshettyacademy.eCommerce_tc_3" time="22.686" errors="0" timestamp="2024-06-26T13:13:34 IST" skipped="0">
  <testcase classname="rahulshettyacademy.eCommerce_tc_3" name="fillForm" time="22.686"/>
  <system-out/>
</testsuite> <!-- rahulshettyacademy.eCommerce_tc_3 -->
